
  .   ____          _            __ _ _
 /\\ / ___'_ __ _ _(_)_ __  __ _ \ \ \ \
( ( )\___ | '_ | '_| | '_ \/ _` | \ \ \ \
 \\/  ___)| |_)| | | | | || (_| |  ) ) ) )
  '  |____| .__|_| |_|_| |_\__, | / / / /
 =========|_|==============|___/=/_/_/_/
 :: Spring Boot ::               (v2.7.13)

2023-07-16 14:44:13.109  INFO 29789 --- [           main] com.example.demo.DemoApplication         : Starting DemoApplication using Java 11.0.19 on ip-10-0-1-148.ap-northeast-2.compute.internal with PID 29789 (/home/ec2-user/environment/hands-on-lab_redis/build/libs/demo-0.0.1-SNAPSHOT.jar started by ec2-user in /home/ec2-user/environment/hands-on-lab_redis)
2023-07-16 14:44:13.118  INFO 29789 --- [           main] com.example.demo.DemoApplication         : No active profile set, falling back to 1 default profile: "default"
2023-07-16 14:44:14.982  INFO 29789 --- [           main] .s.d.r.c.RepositoryConfigurationDelegate : Multiple Spring Data modules found, entering strict repository configuration mode
2023-07-16 14:44:14.992  INFO 29789 --- [           main] .s.d.r.c.RepositoryConfigurationDelegate : Bootstrapping Spring Data Redis repositories in DEFAULT mode.
2023-07-16 14:44:15.047  INFO 29789 --- [           main] .s.d.r.c.RepositoryConfigurationDelegate : Finished Spring Data repository scanning in 13 ms. Found 0 Redis repository interfaces.
2023-07-16 14:44:16.361  INFO 29789 --- [           main] o.s.b.w.embedded.tomcat.TomcatWebServer  : Tomcat initialized with port(s): 8080 (http)
2023-07-16 14:44:16.394  INFO 29789 --- [           main] o.apache.catalina.core.StandardService   : Starting service [Tomcat]
2023-07-16 14:44:16.395  INFO 29789 --- [           main] org.apache.catalina.core.StandardEngine  : Starting Servlet engine: [Apache Tomcat/9.0.76]
2023-07-16 14:44:16.685  INFO 29789 --- [           main] o.a.c.c.C.[Tomcat].[localhost].[/]       : Initializing Spring embedded WebApplicationContext
2023-07-16 14:44:16.689  INFO 29789 --- [           main] w.s.c.ServletWebServerApplicationContext : Root WebApplicationContext: initialization completed in 3394 ms
2023-07-16 14:44:20.150  INFO 29789 --- [           main] o.s.b.w.embedded.tomcat.TomcatWebServer  : Tomcat started on port(s): 8080 (http) with context path ''
2023-07-16 14:44:20.197  INFO 29789 --- [           main] com.example.demo.DemoApplication         : Started DemoApplication in 8.48 seconds (JVM running for 9.906)
2023-07-16 14:44:28.101  INFO 29789 --- [nio-8080-exec-1] o.a.c.c.C.[Tomcat].[localhost].[/]       : Initializing Spring DispatcherServlet 'dispatcherServlet'
2023-07-16 14:44:28.104  INFO 29789 --- [nio-8080-exec-1] o.s.web.servlet.DispatcherServlet        : Initializing Servlet 'dispatcherServlet'
2023-07-16 14:44:28.108  INFO 29789 --- [nio-8080-exec-1] o.s.web.servlet.DispatcherServlet        : Completed initialization in 2 ms
